<?xml version="1.0" encoding="UTF-8"?>
<!-- Generated by org.testng.reporters.JUnitReportReporter -->
<testsuite hostname="CBT-026" name="delta.main.DeltaDriver" tests="2" failures="0" timestamp="4 Sep 2016 10:17:54 GMT" time="24.489" errors="0">
  <testcase name="testScenarios" time="14.603" classname="delta.main.DeltaDriver"/>
  <testcase name="testScenarios" time="9.886" classname="delta.main.DeltaDriver"/>
</testsuite> <!-- delta.main.DeltaDriver -->
